Arguments: 
  C:\Softwares\node-link\node.exe C:\Program Files (x86)\Yarn\bin\yarn.js init

PATH: 
  C:\Program Files\Git\mingw64\bin;C:\Program Files\Git\usr\bin;C:\Users\Ashfaq Nisar\bin;C:\Program Files (x86)\VMware\VMware Player\bin;C:\Program Files\Common Files\Oracle\Java\javapath;C:\Windows\system32;C:\Windows;C:\Windows\System32\Wbem;C:\Windows\System32\WindowsPowerShell\v1.0;C:\Windows\System32\OpenSSH;C:\Program Files\Git\cmd;C:\Program Files (x86)\GnuPG\bin;C:\Program Files (x86)\Yarn\bin;C:\Program Files\maven-3.6.3\bin;D:\Software\VS Code\bin;C:\Program Files\Amazon\AWSCLIV2;C:\Softwares\nvm;C:\Softwares\node-link;C:\Program Files (x86)\Google\Cloud SDK\google-cloud-sdk\bin;C:\Program Files\Docker\Docker\resources\bin;C:\ProgramData\DockerDesktop\version-bin;C:\Users\Ashfaq Nisar\AppData\Local\Programs\Python\Python39\Scripts;C:\Users\Ashfaq Nisar\AppData\Local\Programs\Python\Python39;C:\Users\Ashfaq Nisar\scoop\shims;C:\Users\Ashfaq Nisar\AppData\Local\Microsoft\WindowsApps;D:\Software\IntelliJ IDEA 2020.2\bin;C:\Users\Ashfaq Nisar\AppData\Local\hyper\app-3.0.2\resources\bin;C:\Program Files\Java\jre1.8.0_261\bin;D:\Software\mongo\bin;C:\Users\Ashfaq Nisar\AppData\Local\Yarn\bin;C:\Program Files (x86)\GitHubCLI;C:\Users\Ashfaq Nisar\AppData\Local\gitkraken\bin;C:\Program Files (x86)\GitHub CLI;C:\Users\Ashfaq Nisar\IntelliJ IDEA 2020.3.2\bin;C:\Program Files\Salesforce CLI\bin;C:\Users\Ashfaq Nisar\AppData\Roaming\npm;C:\Softwares\nvm;C:\Softwares\node-link

Yarn version: 
  1.22.5

Node version: 
  14.15.0

Platform: 
  win32 x64

Trace: 
  Error: canceled
      at Interface.<anonymous> (C:\Program Files (x86)\Yarn\lib\cli.js:137009:13)
      at Interface.emit (events.js:315:20)
      at Interface._ttyWrite (readline.js:875:16)
      at ReadStream.onkeypress (readline.js:213:10)
      at ReadStream.emit (events.js:315:20)
      at emitKeys (internal/readline/utils.js:345:14)
      at emitKeys.next (<anonymous>)
      at ReadStream.onData (readline.js:1144:36)
      at ReadStream.emit (events.js:315:20)
      at addChunk (_stream_readable.js:309:12)

npm manifest: 
  No manifest

yarn manifest: 
  No manifest

Lockfile: 
  No lockfile
